[0514/120502.557:ERROR:process_memory_win.cc(73)] ReadMemory at 0x1080000 of 64 bytes failed: 仅完成部分的 ReadProcessMemory 或 WriteProcessMemory 请求。 (0x12B)
[0514/120502.559:WARNING:pe_image_reader.cc(340)] could not read dos header from C:\Program Files (x86)\Google\Chrome\Application\chrome.exe
[0514/120502.559:ERROR:process_memory_win.cc(73)] ReadMemory at 0x77e20000 of 64 bytes failed: 仅完成部分的 ReadProcessMemory 或 WriteProcessMemory 请求。 (0x12B)
[0514/120502.559:WARNING:pe_image_reader.cc(340)] could not read dos header from C:\WINDOWS\SYSTEM32\ntdll.dll
[0514/120502.559:ERROR:process_memory_win.cc(73)] ReadMemory at 0x74700000 of 64 bytes failed: 仅完成部分的 ReadProcessMemory 或 WriteProcessMemory 请求。 (0x12B)
[0514/120502.559:WARNING:pe_image_reader.cc(340)] could not read dos header from C:\WINDOWS\System32\KERNEL32.DLL
[0514/120502.560:ERROR:process_memory_win.cc(73)] ReadMemory at 0x77930000 of 64 bytes failed: 仅完成部分的 ReadProcessMemory 或 WriteProcessMemory 请求。 (0x12B)
[0514/120502.560:WARNING:pe_image_reader.cc(340)] could not read dos header from C:\WINDOWS\System32\KERNELBASE.dll
[0514/120502.560:ERROR:process_memory_win.cc(73)] ReadMemory at 0x71940000 of 64 bytes failed: 仅完成部分的 ReadProcessMemory 或 WriteProcessMemory 请求。 (0x12B)
[0514/120502.560:WARNING:pe_image_reader.cc(340)] could not read dos header from C:\WINDOWS\SYSTEM32\apphelp.dll
[0514/120502.560:ERROR:process_memory_win.cc(73)] ReadMemory at 0x75570000 of 64 bytes failed: 仅完成部分的 ReadProcessMemory 或 WriteProcessMemory 请求。 (0x12B)
[0514/120502.560:WARNING:pe_image_reader.cc(340)] could not read dos header from C:\WINDOWS\System32\SHELL32.dll
[0514/120502.560:ERROR:process_memory_win.cc(73)] ReadMemory at 0x77b20000 of 64 bytes failed: 仅完成部分的 ReadProcessMemory 或 WriteProcessMemory 请求。 (0x12B)
[0514/120502.560:WARNING:pe_image_reader.cc(340)] could not read dos header from C:\WINDOWS\System32\msvcrt.dll
[0514/120502.560:ERROR:process_memory_win.cc(73)] ReadMemory at 0x74d70000 of 64 bytes failed: 仅完成部分的 ReadProcessMemory 或 WriteProcessMemory 请求。 (0x12B)
[0514/120502.560:WARNING:pe_image_reader.cc(340)] could not read dos header from C:\WINDOWS\System32\cfgmgr32.dll
[0514/120502.560:ERROR:process_memory_win.cc(73)] ReadMemory at 0x74ab0000 of 64 bytes failed: 仅完成部分的 ReadProcessMemory 或 WriteProcessMemory 请求。 (0x12B)
[0514/120502.560:WARNING:pe_image_reader.cc(340)] could not read dos header from C:\WINDOWS\System32\ucrtbase.dll
[0514/120502.560:ERROR:process_memory_win.cc(73)] ReadMemory at 0x77540000 of 64 bytes failed: 仅完成部分的 ReadProcessMemory 或 WriteProcessMemory 请求。 (0x12B)
[0514/120502.560:WARNING:pe_image_reader.cc(340)] could not read dos header from C:\WINDOWS\System32\shcore.dll
[0514/120502.560:ERROR:process_memory_win.cc(73)] ReadMemory at 0x749c0000 of 64 bytes failed: 仅完成部分的 ReadProcessMemory 或 WriteProcessMemory 请求。 (0x12B)
[0514/120502.560:WARNING:pe_image_reader.cc(340)] could not read dos header from C:\WINDOWS\System32\RPCRT4.dll
[0514/120502.560:ERROR:process_memory_win.cc(73)] ReadMemory at 0x746e0000 of 64 bytes failed: 仅完成部分的 ReadProcessMemory 或 WriteProcessMemory 请求。 (0x12B)
[0514/120502.561:WARNING:pe_image_reader.cc(340)] could not read dos header from C:\WINDOWS\System32\SspiCli.dll
[0514/120502.561:ERROR:process_memory_win.cc(73)] ReadMemory at 0x746d0000 of 64 bytes failed: 仅完成部分的 ReadProcessMemory 或 WriteProcessMemory 请求。 (0x12B)
[0514/120502.561:WARNING:pe_image_reader.cc(340)] could not read dos header from C:\WINDOWS\System32\CRYPTBASE.dll
[0514/120502.561:ERROR:process_memory_win.cc(73)] ReadMemory at 0x77760000 of 64 bytes failed: 仅完成部分的 ReadProcessMemory 或 WriteProcessMemory 请求。 (0x12B)
[0514/120502.561:WARNING:pe_image_reader.cc(340)] could not read dos header from C:\WINDOWS\System32\bcryptPrimitives.dll
[0514/120502.561:ERROR:process_memory_win.cc(73)] ReadMemory at 0x75010000 of 64 bytes failed: 仅完成部分的 ReadProcessMemory 或 WriteProcessMemory 请求。 (0x12B)
[0514/120502.561:WARNING:pe_image_reader.cc(340)] could not read dos header from C:\WINDOWS\System32\sechost.dll
[0514/120502.561:ERROR:process_memory_win.cc(73)] ReadMemory at 0x74db0000 of 64 bytes failed: 仅完成部分的 ReadProcessMemory 或 WriteProcessMemory 请求。 (0x12B)
[0514/120502.561:WARNING:pe_image_reader.cc(340)] could not read dos header from C:\WINDOWS\System32\combase.dll
[0514/120502.561:ERROR:process_memory_win.cc(73)] ReadMemory at 0x76d40000 of 64 bytes failed: 仅完成部分的 ReadProcessMemory 或 WriteProcessMemory 请求。 (0x12B)
[0514/120502.561:WARNING:pe_image_reader.cc(340)] could not read dos header from C:\WINDOWS\System32\windows.storage.dll
[0514/120502.561:ERROR:process_memory_win.cc(73)] ReadMemory at 0x754f0000 of 64 bytes failed: 仅完成部分的 ReadProcessMemory 或 WriteProcessMemory 请求。 (0x12B)
[0514/120502.561:WARNING:pe_image_reader.cc(340)] could not read dos header from C:\WINDOWS\System32\advapi32.dll
[0514/120502.561:ERROR:process_memory_win.cc(73)] ReadMemory at 0x747e0000 of 64 bytes failed: 仅完成部分的 ReadProcessMemory 或 WriteProcessMemory 请求。 (0x12B)
[0514/120502.561:WARNING:pe_image_reader.cc(340)] could not read dos header from C:\WINDOWS\System32\shlwapi.dll
[0514/120502.562:ERROR:process_memory_win.cc(73)] ReadMemory at 0x74a80000 of 64 bytes failed: 仅完成部分的 ReadProcessMemory 或 WriteProcessMemory 请求。 (0x12B)
[0514/120502.562:WARNING:pe_image_reader.cc(340)] could not read dos header from C:\WINDOWS\System32\GDI32.dll
[0514/120502.562:ERROR:process_memory_win.cc(73)] ReadMemory at 0x775f0000 of 64 bytes failed: 仅完成部分的 ReadProcessMemory 或 WriteProcessMemory 请求。 (0x12B)
[0514/120502.562:WARNING:pe_image_reader.cc(340)] could not read dos header from C:\WINDOWS\System32\gdi32full.dll
[0514/120502.562:ERROR:process_memory_win.cc(73)] ReadMemory at 0x753d0000 of 64 bytes failed: 仅完成部分的 ReadProcessMemory 或 WriteProcessMemory 请求。 (0x12B)
[0514/120502.562:WARNING:pe_image_reader.cc(340)] could not read dos header from C:\WINDOWS\System32\msvcp_win.dll
[0514/120502.562:ERROR:process_memory_win.cc(73)] ReadMemory at 0x75070000 of 64 bytes failed: 仅完成部分的 ReadProcessMemory 或 WriteProcessMemory 请求。 (0x12B)
[0514/120502.562:WARNING:pe_image_reader.cc(340)] could not read dos header from C:\WINDOWS\System32\USER32.dll
[0514/120502.562:ERROR:process_memory_win.cc(73)] ReadMemory at 0x77300000 of 64 bytes failed: 仅完成部分的 ReadProcessMemory 或 WriteProcessMemory 请求。 (0x12B)
[0514/120502.562:WARNING:pe_image_reader.cc(340)] could not read dos header from C:\WINDOWS\System32\win32u.dll
[0514/120502.562:ERROR:process_memory_win.cc(73)] ReadMemory at 0x77330000 of 64 bytes failed: 仅完成部分的 ReadProcessMemory 或 WriteProcessMemory 请求。 (0x12B)
[0514/120502.562:WARNING:pe_image_reader.cc(340)] could not read dos header from C:\WINDOWS\System32\kernel.appcore.dll
[0514/120502.562:ERROR:process_memory_win.cc(73)] ReadMemory at 0x775d0000 of 64 bytes failed: 仅完成部分的 ReadProcessMemory 或 WriteProcessMemory 请求。 (0x12B)
[0514/120502.562:WARNING:pe_image_reader.cc(340)] could not read dos header from C:\WINDOWS\System32\profapi.dll
[0514/120502.562:ERROR:process_memory_win.cc(73)] ReadMemory at 0x77340000 of 64 bytes failed: 仅完成部分的 ReadProcessMemory 或 WriteProcessMemory 请求。 (0x12B)
[0514/120502.562:WARNING:pe_image_reader.cc(340)] could not read dos header from C:\WINDOWS\System32\powrprof.dll
[0514/120502.562:ERROR:process_memory_win.cc(73)] ReadMemory at 0x77390000 of 64 bytes failed: 仅完成部分的 ReadProcessMemory 或 WriteProcessMemory 请求。 (0x12B)
[0514/120502.562:WARNING:pe_image_reader.cc(340)] could not read dos header from C:\WINDOWS\System32\FLTLIB.DLL
[0514/120502.562:ERROR:process_memory_win.cc(73)] ReadMemory at 0x70ed0000 of 64 bytes failed: 仅完成部分的 ReadProcessMemory 或 WriteProcessMemory 请求。 (0x12B)
[0514/120502.562:WARNING:pe_image_reader.cc(340)] could not read dos header from C:\Program Files (x86)\Google\Chrome\Application\73.0.3683.86\chrome_elf.dll
[0514/120502.562:ERROR:process_memory_win.cc(73)] ReadMemory at 0x746c0000 of 64 bytes failed: 仅完成部分的 ReadProcessMemory 或 WriteProcessMemory 请求。 (0x12B)
[0514/120502.562:WARNING:pe_image_reader.cc(340)] could not read dos header from C:\WINDOWS\SYSTEM32\VERSION.dll
[0514/120502.563:ERROR:process_memory_win.cc(73)] ReadMemory at 0x742b0000 of 64 bytes failed: 仅完成部分的 ReadProcessMemory 或 WriteProcessMemory 请求。 (0x12B)
[0514/120502.563:WARNING:pe_image_reader.cc(340)] could not read dos header from C:\WINDOWS\SYSTEM32\WINMM.dll
[0514/120502.563:ERROR:process_memory_win.cc(73)] ReadMemory at 0x74680000 of 64 bytes failed: 仅完成部分的 ReadProcessMemory 或 WriteProcessMemory 请求。 (0x12B)
[0514/120502.563:WARNING:pe_image_reader.cc(340)] could not read dos header from C:\WINDOWS\SYSTEM32\USERENV.dll
[0514/120502.563:ERROR:process_memory_win.cc(73)] ReadMemory at 0x74280000 of 64 bytes failed: 仅完成部分的 ReadProcessMemory 或 WriteProcessMemory 请求。 (0x12B)
[0514/120502.563:WARNING:pe_image_reader.cc(340)] could not read dos header from C:\WINDOWS\SYSTEM32\WINMMBASE.dll
[0514/120502.563:ERROR:process_memory_win.cc(73)] ReadMemory at 0x778e0000 of 64 bytes failed: 仅完成部分的 ReadProcessMemory 或 WriteProcessMemory 请求。 (0x12B)
[0514/120502.563:WARNING:pe_image_reader.cc(340)] could not read dos header from C:\WINDOWS\System32\IMM32.DLL
[0514/120502.563:ERROR:process_memory_win.cc(73)] ReadMemory at 0x5a6b0000 of 64 bytes failed: 仅完成部分的 ReadProcessMemory 或 WriteProcessMemory 请求。 (0x12B)
[0514/120502.563:WARNING:pe_image_reader.cc(340)] could not read dos header from C:\Program Files (x86)\Google\Chrome\Application\73.0.3683.86\chrome_child.dll
[0514/120502.563:ERROR:process_memory_win.cc(73)] ReadMemory at 0x77860000 of 64 bytes failed: 仅完成部分的 ReadProcessMemory 或 WriteProcessMemory 请求。 (0x12B)
[0514/120502.563:WARNING:pe_image_reader.cc(340)] could not read dos header from C:\WINDOWS\System32\WS2_32.dll
[0514/120502.563:ERROR:process_memory_win.cc(73)] ReadMemory at 0x748c0000 of 64 bytes failed: 仅完成部分的 ReadProcessMemory 或 WriteProcessMemory 请求。 (0x12B)
[0514/120502.563:WARNING:pe_image_reader.cc(340)] could not read dos header from C:\WINDOWS\System32\ole32.dll
[0514/120502.563:ERROR:process_memory_win.cc(73)] ReadMemory at 0x75450000 of 64 bytes failed: 仅完成部分的 ReadProcessMemory 或 WriteProcessMemory 请求。 (0x12B)
[0514/120502.563:WARNING:pe_image_reader.cc(340)] could not read dos header from C:\WINDOWS\System32\OLEAUT32.dll
[0514/120502.563:ERROR:process_memory_win.cc(73)] ReadMemory at 0x768c0000 of 64 bytes failed: 仅完成部分的 ReadProcessMemory 或 WriteProcessMemory 请求。 (0x12B)
[0514/120502.563:WARNING:pe_image_reader.cc(340)] could not read dos header from C:\WINDOWS\System32\WINTRUST.dll
[0514/120502.563:ERROR:process_memory_win.cc(73)] ReadMemory at 0x777c0000 of 64 bytes failed: 仅完成部分的 ReadProcessMemory 或 WriteProcessMemory 请求。 (0x12B)
[0514/120502.563:WARNING:pe_image_reader.cc(340)] could not read dos header from C:\WINDOWS\System32\MSASN1.dll
[0514/120502.563:ERROR:process_memory_win.cc(73)] ReadMemory at 0x74bd0000 of 64 bytes failed: 仅完成部分的 ReadProcessMemory 或 WriteProcessMemory 请求。 (0x12B)
[0514/120502.563:WARNING:pe_image_reader.cc(340)] could not read dos header from C:\WINDOWS\System32\CRYPT32.dll
[0514/120502.563:ERROR:process_memory_win.cc(73)] ReadMemory at 0x77400000 of 64 bytes failed: 仅完成部分的 ReadProcessMemory 或 WriteProcessMemory 请求。 (0x12B)
[0514/120502.563:WARNING:pe_image_reader.cc(340)] could not read dos header from C:\WINDOWS\System32\COMDLG32.dll
[0514/120502.564:ERROR:process_memory_win.cc(73)] ReadMemory at 0x74580000 of 64 bytes failed: 仅完成部分的 ReadProcessMemory 或 WriteProcessMemory 请求。 (0x12B)
[0514/120502.564:WARNING:pe_image_reader.cc(340)] could not read dos header from C:\WINDOWS\SYSTEM32\IPHLPAPI.DLL
[0514/120502.564:ERROR:process_memory_win.cc(73)] ReadMemory at 0x72710000 of 64 bytes failed: 仅完成部分的 ReadProcessMemory 或 WriteProcessMemory 请求。 (0x12B)
[0514/120502.564:WARNING:pe_image_reader.cc(340)] could not read dos header from C:\WINDOWS\SYSTEM32\OLEACC.dll
[0514/120502.564:ERROR:process_memory_win.cc(73)] ReadMemory at 0x6e490000 of 64 bytes failed: 仅完成部分的 ReadProcessMemory 或 WriteProcessMemory 请求。 (0x12B)
[0514/120502.564:WARNING:pe_image_reader.cc(340)] could not read dos header from C:\WINDOWS\SYSTEM32\DWrite.dll
[0514/120502.564:ERROR:process_memory_win.cc(73)] ReadMemory at 0x71670000 of 64 bytes failed: 仅完成部分的 ReadProcessMemory 或 WriteProcessMemory 请求。 (0x12B)
[0514/120502.564:WARNING:pe_image_reader.cc(340)] could not read dos header from C:\WINDOWS\SYSTEM32\dxgi.dll
[0514/120502.564:ERROR:process_memory_win.cc(73)] ReadMemory at 0x72770000 of 64 bytes failed: 仅完成部分的 ReadProcessMemory 或 WriteProcessMemory 请求。 (0x12B)
[0514/120502.564:WARNING:pe_image_reader.cc(340)] could not read dos header from C:\WINDOWS\SYSTEM32\WINSPOOL.DRV
[0514/120502.564:ERROR:process_memory_win.cc(73)] ReadMemory at 0x73180000 of 64 bytes failed: 仅完成部分的 ReadProcessMemory 或 WriteProcessMemory 请求。 (0x12B)
[0514/120502.564:WARNING:pe_image_reader.cc(340)] could not read dos header from C:\WINDOWS\SYSTEM32\dbghelp.dll
[0514/120502.564:ERROR:process_memory_win.cc(73)] ReadMemory at 0x70d00000 of 64 bytes failed: 仅完成部分的 ReadProcessMemory 或 WriteProcessMemory 请求。 (0x12B)
[0514/120502.564:WARNING:pe_image_reader.cc(340)] could not read dos header from C:\WINDOWS\SYSTEM32\USP10.dll
[0514/120502.564:ERROR:process_memory_win.cc(73)] ReadMemory at 0x70880000 of 64 bytes failed: 仅完成部分的 ReadProcessMemory 或 WriteProcessMemory 请求。 (0x12B)
[0514/120502.564:WARNING:pe_image_reader.cc(340)] could not read dos header from C:\WINDOWS\WinSxS\x86_microsoft.windows.common-controls_6595b64144ccf1df_6.0.17134.706_none_42f0d9a244e0990d\COMCTL32.dll
[0514/120502.564:ERROR:process_memory_win.cc(73)] ReadMemory at 0x72c70000 of 64 bytes failed: 仅完成部分的 ReadProcessMemory 或 WriteProcessMemory 请求。 (0x12B)
[0514/120502.564:WARNING:pe_image_reader.cc(340)] could not read dos header from C:\WINDOWS\SYSTEM32\WINHTTP.dll
[0514/120502.564:ERROR:process_memory_win.cc(73)] ReadMemory at 0x700b0000 of 64 bytes failed: 仅完成部分的 ReadProcessMemory 或 WriteProcessMemory 请求。 (0x12B)
[0514/120502.564:WARNING:pe_image_reader.cc(340)] could not read dos header from C:\WINDOWS\SYSTEM32\urlmon.dll
[0514/120502.564:ERROR:process_memory_win.cc(73)] ReadMemory at 0x74230000 of 64 bytes failed: 仅完成部分的 ReadProcessMemory 或 WriteProcessMemory 请求。 (0x12B)
[0514/120502.564:WARNING:pe_image_reader.cc(340)] could not read dos header from C:\WINDOWS\SYSTEM32\Secur32.dll
[0514/120502.564:ERROR:process_memory_win.cc(73)] ReadMemory at 0x74210000 of 64 bytes failed: 仅完成部分的 ReadProcessMemory 或 WriteProcessMemory 请求。 (0x12B)
[0514/120502.564:WARNING:pe_image_reader.cc(340)] could not read dos header from C:\WINDOWS\SYSTEM32\dhcpcsvc.DLL
[0514/120502.565:ERROR:process_memory_win.cc(73)] ReadMemory at 0x75060000 of 64 bytes failed: 仅完成部分的 ReadProcessMemory 或 WriteProcessMemory 请求。 (0x12B)
[0514/120502.565:WARNING:pe_image_reader.cc(340)] could not read dos header from C:\WINDOWS\System32\NSI.dll
[0514/120502.565:ERROR:process_memory_win.cc(73)] ReadMemory at 0x73610000 of 64 bytes failed: 仅完成部分的 ReadProcessMemory 或 WriteProcessMemory 请求。 (0x12B)
[0514/120502.565:WARNING:pe_image_reader.cc(340)] could not read dos header from C:\WINDOWS\SYSTEM32\PROPSYS.dll
[0514/120502.565:ERROR:process_memory_win.cc(73)] ReadMemory at 0x74050000 of 64 bytes failed: 仅完成部分的 ReadProcessMemory 或 WriteProcessMemory 请求。 (0x12B)
[0514/120502.565:WARNING:pe_image_reader.cc(340)] could not read dos header from C:\WINDOWS\SYSTEM32\bcrypt.dll
[0514/120502.565:ERROR:process_memory_win.cc(73)] ReadMemory at 0x6fbe0000 of 64 bytes failed: 仅完成部分的 ReadProcessMemory 或 WriteProcessMemory 请求。 (0x12B)
[0514/120502.565:WARNING:pe_image_reader.cc(340)] could not read dos header from C:\WINDOWS\SYSTEM32\iertutil.dll
[0514/120502.571:ERROR:process_memory_win.cc(73)] ReadMemory at 0x93b000 of 20480 bytes failed: 仅完成部分的 ReadProcessMemory 或 WriteProcessMemory 请求。 (0x12B)
[0514/120502.571:ERROR:process_memory_win.cc(73)] ReadMemory at 0x699000 of 560 bytes failed: 仅完成部分的 ReadProcessMemory 或 WriteProcessMemory 请求。 (0x12B)
[0514/120502.571:ERROR:process_memory_win.cc(73)] ReadMemory at 0x69c000 of 3992 bytes failed: 仅完成部分的 ReadProcessMemory 或 WriteProcessMemory 请求。 (0x12B)
[0514/120502.571:ERROR:process_memory_win.cc(73)] ReadMemory at 0x54004a0 of 72 bytes failed: 仅完成部分的 ReadProcessMemory 或 WriteProcessMemory 请求。 (0x12B)
[0514/120502.571:ERROR:process_memory_win.cc(73)] ReadMemory at 0x5400ae0 of 8734 bytes failed: 仅完成部分的 ReadProcessMemory 或 WriteProcessMemory 请求。 (0x12B)
[0514/120502.571:ERROR:process_memory_win.cc(73)] ReadMemory at 0x5402d08 of 660 bytes failed: 仅完成部分的 ReadProcessMemory 或 WriteProcessMemory 请求。 (0x12B)
[0514/120502.571:ERROR:process_memory_win.cc(73)] ReadMemory at 0x54031b4 of 118 bytes failed: 仅完成部分的 ReadProcessMemory 或 WriteProcessMemory 请求。 (0x12B)
[0514/120502.571:ERROR:process_memory_win.cc(73)] ReadMemory at 0x540322c of 648 bytes failed: 仅完成部分的 ReadProcessMemory 或 WriteProcessMemory 请求。 (0x12B)
[0514/120502.571:ERROR:process_memory_win.cc(73)] ReadMemory at 0x54034b6 of 118 bytes failed: 仅完成部分的 ReadProcessMemory 或 WriteProcessMemory 请求。 (0x12B)
[0514/120502.571:ERROR:process_memory_win.cc(73)] ReadMemory at 0x540352e of 102 bytes failed: 仅完成部分的 ReadProcessMemory 或 WriteProcessMemory 请求。 (0x12B)
[0514/120502.572:ERROR:process_memory_win.cc(73)] ReadMemory at 0x54057c0 of 58 bytes failed: 仅完成部分的 ReadProcessMemory 或 WriteProcessMemory 请求。 (0x12B)
[0514/120502.572:ERROR:process_memory_win.cc(73)] ReadMemory at 0x54058b0 of 72 bytes failed: 仅完成部分的 ReadProcessMemory 或 WriteProcessMemory 请求。 (0x12B)
[0514/120502.572:ERROR:process_memory_win.cc(73)] ReadMemory at 0x5405998 of 72 bytes failed: 仅完成部分的 ReadProcessMemory 或 WriteProcessMemory 请求。 (0x12B)
[0514/120502.572:ERROR:process_memory_win.cc(73)] ReadMemory at 0x5405a98 of 124 bytes failed: 仅完成部分的 ReadProcessMemory 或 WriteProcessMemory 请求。 (0x12B)
[0514/120502.572:ERROR:process_memory_win.cc(73)] ReadMemory at 0x5405d70 of 62 bytes failed: 仅完成部分的 ReadProcessMemory 或 WriteProcessMemory 请求。 (0x12B)
[0514/120502.572:ERROR:process_memory_win.cc(73)] ReadMemory at 0x5405dc8 of 72 bytes failed: 仅完成部分的 ReadProcessMemory 或 WriteProcessMemory 请求。 (0x12B)
[0514/120502.572:ERROR:process_memory_win.cc(73)] ReadMemory at 0x5405eb0 of 64 bytes failed: 仅完成部分的 ReadProcessMemory 或 WriteProcessMemory 请求。 (0x12B)
[0514/120502.572:ERROR:process_memory_win.cc(73)] ReadMemory at 0x5405fb8 of 72 bytes failed: 仅完成部分的 ReadProcessMemory 或 WriteProcessMemory 请求。 (0x12B)
[0514/120502.572:ERROR:process_memory_win.cc(73)] ReadMemory at 0x5406120 of 72 bytes failed: 仅完成部分的 ReadProcessMemory 或 WriteProcessMemory 请求。 (0x12B)
[0514/120502.572:ERROR:process_memory_win.cc(73)] ReadMemory at 0x5406208 of 68 bytes failed: 仅完成部分的 ReadProcessMemory 或 WriteProcessMemory 请求。 (0x12B)
[0514/120502.572:ERROR:process_memory_win.cc(73)] ReadMemory at 0x5408a00 of 242 bytes failed: 仅完成部分的 ReadProcessMemory 或 WriteProcessMemory 请求。 (0x12B)
[0514/120502.572:ERROR:process_memory_win.cc(73)] ReadMemory at 0x5408b10 of 72 bytes failed: 仅完成部分的 ReadProcessMemory 或 WriteProcessMemory 请求。 (0x12B)
[0514/120502.572:ERROR:process_memory_win.cc(73)] ReadMemory at 0x5408c50 of 62 bytes failed: 仅完成部分的 ReadProcessMemory 或 WriteProcessMemory 请求。 (0x12B)
[0514/120502.572:ERROR:process_memory_win.cc(73)] ReadMemory at 0x5408e78 of 72 bytes failed: 仅完成部分的 ReadProcessMemory 或 WriteProcessMemory 请求。 (0x12B)
[0514/120502.572:ERROR:process_memory_win.cc(73)] ReadMemory at 0x5408f60 of 60 bytes failed: 仅完成部分的 ReadProcessMemory 或 WriteProcessMemory 请求。 (0x12B)
[0514/120502.572:ERROR:process_memory_win.cc(73)] ReadMemory at 0x540d348 of 72 bytes failed: 仅完成部分的 ReadProcessMemory 或 WriteProcessMemory 请求。 (0x12B)
[0514/120502.572:ERROR:process_memory_win.cc(73)] ReadMemory at 0x540d430 of 64 bytes failed: 仅完成部分的 ReadProcessMemory 或 WriteProcessMemory 请求。 (0x12B)
[0514/120502.572:ERROR:process_memory_win.cc(73)] ReadMemory at 0x540d5b8 of 72 bytes failed: 仅完成部分的 ReadProcessMemory 或 WriteProcessMemory 请求。 (0x12B)
[0514/120502.572:ERROR:process_memory_win.cc(73)] ReadMemory at 0x540d6a0 of 64 bytes failed: 仅完成部分的 ReadProcessMemory 或 WriteProcessMemory 请求。 (0x12B)
[0514/120502.572:ERROR:process_memory_win.cc(73)] ReadMemory at 0x540d830 of 72 bytes failed: 仅完成部分的 ReadProcessMemory 或 WriteProcessMemory 请求。 (0x12B)
[0514/120502.573:ERROR:process_memory_win.cc(73)] ReadMemory at 0x540d918 of 60 bytes failed: 仅完成部分的 ReadProcessMemory 或 WriteProcessMemory 请求。 (0x12B)
[0514/120502.573:ERROR:process_memory_win.cc(73)] ReadMemory at 0x540dae8 of 72 bytes failed: 仅完成部分的 ReadProcessMemory 或 WriteProcessMemory 请求。 (0x12B)
[0514/120502.573:ERROR:process_memory_win.cc(73)] ReadMemory at 0x540dbd0 of 60 bytes failed: 仅完成部分的 ReadProcessMemory 或 WriteProcessMemory 请求。 (0x12B)
[0514/120502.573:ERROR:process_memory_win.cc(73)] ReadMemory at 0x540dd40 of 72 bytes failed: 仅完成部分的 ReadProcessMemory 或 WriteProcessMemory 请求。 (0x12B)
[0514/120502.573:ERROR:process_memory_win.cc(73)] ReadMemory at 0x540de28 of 62 bytes failed: 仅完成部分的 ReadProcessMemory 或 WriteProcessMemory 请求。 (0x12B)
[0514/120502.573:ERROR:process_memory_win.cc(73)] ReadMemory at 0x540df88 of 72 bytes failed: 仅完成部分的 ReadProcessMemory 或 WriteProcessMemory 请求。 (0x12B)
[0514/120502.573:ERROR:process_memory_win.cc(73)] ReadMemory at 0x540e070 of 66 bytes failed: 仅完成部分的 ReadProcessMemory 或 WriteProcessMemory 请求。 (0x12B)
[0514/120502.573:ERROR:process_memory_win.cc(73)] ReadMemory at 0x540e1a0 of 72 bytes failed: 仅完成部分的 ReadProcessMemory 或 WriteProcessMemory 请求。 (0x12B)
[0514/120502.573:ERROR:process_memory_win.cc(73)] ReadMemory at 0x540ea58 of 80 bytes failed: 仅完成部分的 ReadProcessMemory 或 WriteProcessMemory 请求。 (0x12B)
[0514/120502.573:ERROR:process_memory_win.cc(73)] ReadMemory at 0x540eb88 of 72 bytes failed: 仅完成部分的 ReadProcessMemory 或 WriteProcessMemory 请求。 (0x12B)
[0514/120502.573:ERROR:process_memory_win.cc(73)] ReadMemory at 0x540ec38 of 62 bytes failed: 仅完成部分的 ReadProcessMemory 或 WriteProcessMemory 请求。 (0x12B)
[0514/120502.573:ERROR:process_memory_win.cc(73)] ReadMemory at 0x540ef98 of 72 bytes failed: 仅完成部分的 ReadProcessMemory 或 WriteProcessMemory 请求。 (0x12B)
[0514/120502.573:ERROR:process_memory_win.cc(73)] ReadMemory at 0x540f048 of 62 bytes failed: 仅完成部分的 ReadProcessMemory 或 WriteProcessMemory 请求。 (0x12B)
[0514/120502.573:ERROR:process_memory_win.cc(73)] ReadMemory at 0x540f250 of 72 bytes failed: 仅完成部分的 ReadProcessMemory 或 WriteProcessMemory 请求。 (0x12B)
[0514/120502.573:ERROR:process_memory_win.cc(73)] ReadMemory at 0x540f300 of 72 bytes failed: 仅完成部分的 ReadProcessMemory 或 WriteProcessMemory 请求。 (0x12B)
[0514/120502.573:ERROR:process_memory_win.cc(73)] ReadMemory at 0x540f3b0 of 72 bytes failed: 仅完成部分的 ReadProcessMemory 或 WriteProcessMemory 请求。 (0x12B)
[0514/120502.573:ERROR:process_memory_win.cc(73)] ReadMemory at 0x540f460 of 72 bytes failed: 仅完成部分的 ReadProcessMemory 或 WriteProcessMemory 请求。 (0x12B)
[0514/120502.573:ERROR:process_memory_win.cc(73)] ReadMemory at 0x540f510 of 72 bytes failed: 仅完成部分的 ReadProcessMemory 或 WriteProcessMemory 请求。 (0x12B)
[0514/120502.573:ERROR:process_memory_win.cc(73)] ReadMemory at 0x540f5c0 of 72 bytes failed: 仅完成部分的 ReadProcessMemory 或 WriteProcessMemory 请求。 (0x12B)
[0514/120502.573:ERROR:process_memory_win.cc(73)] ReadMemory at 0x540f670 of 72 bytes failed: 仅完成部分的 ReadProcessMemory 或 WriteProcessMemory 请求。 (0x12B)
[0514/120502.573:ERROR:process_memory_win.cc(73)] ReadMemory at 0x540f720 of 72 bytes failed: 仅完成部分的 ReadProcessMemory 或 WriteProcessMemory 请求。 (0x12B)
[0514/120502.574:ERROR:process_memory_win.cc(73)] ReadMemory at 0x540f7d0 of 72 bytes failed: 仅完成部分的 ReadProcessMemory 或 WriteProcessMemory 请求。 (0x12B)
[0514/120502.574:ERROR:process_memory_win.cc(73)] ReadMemory at 0x540f930 of 72 bytes failed: 仅完成部分的 ReadProcessMemory 或 WriteProcessMemory 请求。 (0x12B)
[0514/120502.574:ERROR:process_memory_win.cc(73)] ReadMemory at 0x540f9e0 of 72 bytes failed: 仅完成部分的 ReadProcessMemory 或 WriteProcessMemory 请求。 (0x12B)
[0514/120502.574:ERROR:process_memory_win.cc(73)] ReadMemory at 0x540fa90 of 72 bytes failed: 仅完成部分的 ReadProcessMemory 或 WriteProcessMemory 请求。 (0x12B)
[0514/120502.574:ERROR:process_memory_win.cc(73)] ReadMemory at 0x540fb40 of 72 bytes failed: 仅完成部分的 ReadProcessMemory 或 WriteProcessMemory 请求。 (0x12B)
[0514/120502.574:ERROR:process_memory_win.cc(73)] ReadMemory at 0x540fbf0 of 72 bytes failed: 仅完成部分的 ReadProcessMemory 或 WriteProcessMemory 请求。 (0x12B)
[0514/120502.574:ERROR:process_memory_win.cc(73)] ReadMemory at 0x540fca0 of 72 bytes failed: 仅完成部分的 ReadProcessMemory 或 WriteProcessMemory 请求。 (0x12B)
[0514/120502.574:ERROR:process_memory_win.cc(73)] ReadMemory at 0x540fd50 of 72 bytes failed: 仅完成部分的 ReadProcessMemory 或 WriteProcessMemory 请求。 (0x12B)
[0514/120502.574:ERROR:process_memory_win.cc(73)] ReadMemory at 0x540fe00 of 72 bytes failed: 仅完成部分的 ReadProcessMemory 或 WriteProcessMemory 请求。 (0x12B)
[0514/120502.574:ERROR:process_memory_win.cc(73)] ReadMemory at 0x540feb0 of 72 bytes failed: 仅完成部分的 ReadProcessMemory 或 WriteProcessMemory 请求。 (0x12B)
[0514/120502.574:ERROR:process_memory_win.cc(73)] ReadMemory at 0x540ff60 of 72 bytes failed: 仅完成部分的 ReadProcessMemory 或 WriteProcessMemory 请求。 (0x12B)
[0514/120502.574:ERROR:process_memory_win.cc(73)] ReadMemory at 0x5410010 of 72 bytes failed: 仅完成部分的 ReadProcessMemory 或 WriteProcessMemory 请求。 (0x12B)
[0514/120502.574:ERROR:process_memory_win.cc(73)] ReadMemory at 0x54100c0 of 72 bytes failed: 仅完成部分的 ReadProcessMemory 或 WriteProcessMemory 请求。 (0x12B)
[0514/120502.574:ERROR:process_memory_win.cc(73)] ReadMemory at 0x5410170 of 72 bytes failed: 仅完成部分的 ReadProcessMemory 或 WriteProcessMemory 请求。 (0x12B)
[0514/120502.574:ERROR:process_memory_win.cc(73)] ReadMemory at 0x5410230 of 78 bytes failed: 仅完成部分的 ReadProcessMemory 或 WriteProcessMemory 请求。 (0x12B)
[0514/120502.574:ERROR:process_memory_win.cc(73)] ReadMemory at 0x5410490 of 64 bytes failed: 仅完成部分的 ReadProcessMemory 或 WriteProcessMemory 请求。 (0x12B)
[0514/120502.574:ERROR:process_memory_win.cc(73)] ReadMemory at 0x5410628 of 62 bytes failed: 仅完成部分的 ReadProcessMemory 或 WriteProcessMemory 请求。 (0x12B)
[0514/120502.574:ERROR:process_memory_win.cc(73)] ReadMemory at 0x54107b8 of 58 bytes failed: 仅完成部分的 ReadProcessMemory 或 WriteProcessMemory 请求。 (0x12B)
[0514/120502.574:ERROR:process_memory_win.cc(73)] ReadMemory at 0x5410800 of 156 bytes failed: 仅完成部分的 ReadProcessMemory 或 WriteProcessMemory 请求。 (0x12B)
[0514/120502.575:ERROR:process_memory_win.cc(73)] ReadMemory at 0x54108b8 of 66 bytes failed: 仅完成部分的 ReadProcessMemory 或 WriteProcessMemory 请求。 (0x12B)
[0514/120502.575:ERROR:process_memory_win.cc(73)] ReadMemory at 0x5410998 of 66 bytes failed: 仅完成部分的 ReadProcessMemory 或 WriteProcessMemory 请求。 (0x12B)
[0514/120502.575:ERROR:process_memory_win.cc(73)] ReadMemory at 0x5410ef0 of 60 bytes failed: 仅完成部分的 ReadProcessMemory 或 WriteProcessMemory 请求。 (0x12B)
[0514/120502.575:ERROR:process_memory_win.cc(73)] ReadMemory at 0x5411068 of 60 bytes failed: 仅完成部分的 ReadProcessMemory 或 WriteProcessMemory 请求。 (0x12B)
[0514/120502.575:ERROR:process_memory_win.cc(73)] ReadMemory at 0x5411178 of 76 bytes failed: 仅完成部分的 ReadProcessMemory 或 WriteProcessMemory 请求。 (0x12B)
[0514/120502.575:ERROR:process_memory_win.cc(73)] ReadMemory at 0x54112b0 of 62 bytes failed: 仅完成部分的 ReadProcessMemory 或 WriteProcessMemory 请求。 (0x12B)
[0514/120502.575:ERROR:process_memory_win.cc(73)] ReadMemory at 0x5411420 of 64 bytes failed: 仅完成部分的 ReadProcessMemory 或 WriteProcessMemory 请求。 (0x12B)
[0514/120502.575:ERROR:process_memory_win.cc(73)] ReadMemory at 0x5411578 of 60 bytes failed: 仅完成部分的 ReadProcessMemory 或 WriteProcessMemory 请求。 (0x12B)
[0514/120502.575:ERROR:process_memory_win.cc(73)] ReadMemory at 0x5411fb8 of 152 bytes failed: 仅完成部分的 ReadProcessMemory 或 WriteProcessMemory 请求。 (0x12B)
[0514/120502.575:ERROR:process_memory_win.cc(73)] ReadMemory at 0x5412748 of 62 bytes failed: 仅完成部分的 ReadProcessMemory 或 WriteProcessMemory 请求。 (0x12B)
[0514/120502.575:ERROR:process_memory_win.cc(73)] ReadMemory at 0x54127d8 of 60 bytes failed: 仅完成部分的 ReadProcessMemory 或 WriteProcessMemory 请求。 (0x12B)
[0514/120502.575:ERROR:process_memory_win.cc(73)] ReadMemory at 0x54128b0 of 58 bytes failed: 仅完成部分的 ReadProcessMemory 或 WriteProcessMemory 请求。 (0x12B)
[0514/120502.575:ERROR:process_memory_win.cc(73)] ReadMemory at 0x5412a60 of 58 bytes failed: 仅完成部分的 ReadProcessMemory 或 WriteProcessMemory 请求。 (0x12B)
[0514/120502.575:ERROR:process_memory_win.cc(73)] ReadMemory at 0x5412aa8 of 62 bytes failed: 仅完成部分的 ReadProcessMemory 或 WriteProcessMemory 请求。 (0x12B)
[0514/120502.575:ERROR:process_memory_win.cc(73)] ReadMemory at 0x5412c10 of 60 bytes failed: 仅完成部分的 ReadProcessMemory 或 WriteProcessMemory 请求。 (0x12B)
[0514/120502.575:ERROR:process_memory_win.cc(73)] ReadMemory at 0x5412c58 of 62 bytes failed: 仅完成部分的 ReadProcessMemory 或 WriteProcessMemory 请求。 (0x12B)
[0514/120502.575:ERROR:process_memory_win.cc(73)] ReadMemory at 0x5412ca0 of 60 bytes failed: 仅完成部分的 ReadProcessMemory 或 WriteProcessMemory 请求。 (0x12B)
[0514/120502.575:ERROR:process_memory_win.cc(73)] ReadMemory at 0x5412ce8 of 60 bytes failed: 仅完成部分的 ReadProcessMemory 或 WriteProcessMemory 请求。 (0x12B)
[0514/120502.576:ERROR:process_memory_win.cc(73)] ReadMemory at 0x5412d30 of 56 bytes failed: 仅完成部分的 ReadProcessMemory 或 WriteProcessMemory 请求。 (0x12B)
[0514/120502.576:ERROR:process_memory_win.cc(73)] ReadMemory at 0x5412d78 of 60 bytes failed: 仅完成部分的 ReadProcessMemory 或 WriteProcessMemory 请求。 (0x12B)
[0514/120502.576:ERROR:process_memory_win.cc(73)] ReadMemory at 0x5412dc0 of 58 bytes failed: 仅完成部分的 ReadProcessMemory 或 WriteProcessMemory 请求。 (0x12B)
[0514/120502.576:ERROR:process_memory_win.cc(73)] ReadMemory at 0x5412e50 of 62 bytes failed: 仅完成部分的 ReadProcessMemory 或 WriteProcessMemory 请求。 (0x12B)
[0514/120502.576:ERROR:process_memory_win.cc(73)] ReadMemory at 0x5412e98 of 58 bytes failed: 仅完成部分的 ReadProcessMemory 或 WriteProcessMemory 请求。 (0x12B)
[0514/120502.576:ERROR:process_memory_win.cc(73)] ReadMemory at 0x5412ee0 of 62 bytes failed: 仅完成部分的 ReadProcessMemory 或 WriteProcessMemory 请求。 (0x12B)
[0514/120502.576:ERROR:process_memory_win.cc(73)] ReadMemory at 0x5413188 of 64 bytes failed: 仅完成部分的 ReadProcessMemory 或 WriteProcessMemory 请求。 (0x12B)
[0514/120502.576:ERROR:process_memory_win.cc(73)] ReadMemory at 0x5413228 of 64 bytes failed: 仅完成部分的 ReadProcessMemory 或 WriteProcessMemory 请求。 (0x12B)
[0514/120502.576:ERROR:process_memory_win.cc(73)] ReadMemory at 0x5413278 of 64 bytes failed: 仅完成部分的 ReadProcessMemory 或 WriteProcessMemory 请求。 (0x12B)
[0514/120502.576:ERROR:process_memory_win.cc(73)] ReadMemory at 0x54132c8 of 64 bytes failed: 仅完成部分的 ReadProcessMemory 或 WriteProcessMemory 请求。 (0x12B)
[0514/120502.576:ERROR:process_memory_win.cc(73)] ReadMemory at 0x5413318 of 64 bytes failed: 仅完成部分的 ReadProcessMemory 或 WriteProcessMemory 请求。 (0x12B)
[0514/120502.576:ERROR:process_memory_win.cc(73)] ReadMemory at 0x5413368 of 64 bytes failed: 仅完成部分的 ReadProcessMemory 或 WriteProcessMemory 请求。 (0x12B)
[0514/120502.576:ERROR:process_memory_win.cc(73)] ReadMemory at 0x5413908 of 64 bytes failed: 仅完成部分的 ReadProcessMemory 或 WriteProcessMemory 请求。 (0x12B)
[0514/120502.576:ERROR:process_memory_win.cc(73)] ReadMemory at 0x5415b38 of 66 bytes failed: 仅完成部分的 ReadProcessMemory 或 WriteProcessMemory 请求。 (0x12B)
[0514/120502.576:ERROR:process_memory_win.cc(73)] ReadMemory at 0x541cef0 of 54 bytes failed: 仅完成部分的 ReadProcessMemory 或 WriteProcessMemory 请求。 (0x12B)
[0514/120502.576:ERROR:process_memory_win.cc(73)] ReadMemory at 0x5420d28 of 72 bytes failed: 仅完成部分的 ReadProcessMemory 或 WriteProcessMemory 请求。 (0x12B)
[0514/120502.576:ERROR:process_memory_win.cc(73)] ReadMemory at 0x54212a8 of 72 bytes failed: 仅完成部分的 ReadProcessMemory 或 WriteProcessMemory 请求。 (0x12B)
[0514/120502.576:ERROR:process_memory_win.cc(73)] ReadMemory at 0x5421568 of 72 bytes failed: 仅完成部分的 ReadProcessMemory 或 WriteProcessMemory 请求。 (0x12B)
[0514/120502.576:ERROR:process_memory_win.cc(73)] ReadMemory at 0x54218d8 of 72 bytes failed: 仅完成部分的 ReadProcessMemory 或 WriteProcessMemory 请求。 (0x12B)
[0514/120502.576:ERROR:process_memory_win.cc(73)] ReadMemory at 0x5421c48 of 72 bytes failed: 仅完成部分的 ReadProcessMemory 或 WriteProcessMemory 请求。 (0x12B)
[0514/120502.576:ERROR:process_memory_win.cc(73)] ReadMemory at 0x5421fb8 of 72 bytes failed: 仅完成部分的 ReadProcessMemory 或 WriteProcessMemory 请求。 (0x12B)
[0514/120502.576:ERROR:process_memory_win.cc(73)] ReadMemory at 0x5422118 of 72 bytes failed: 仅完成部分的 ReadProcessMemory 或 WriteProcessMemory 请求。 (0x12B)
[0514/120502.576:ERROR:process_memory_win.cc(73)] ReadMemory at 0x54221c8 of 72 bytes failed: 仅完成部分的 ReadProcessMemory 或 WriteProcessMemory 请求。 (0x12B)
[0514/120502.576:ERROR:process_memory_win.cc(73)] ReadMemory at 0x5422328 of 72 bytes failed: 仅完成部分的 ReadProcessMemory 或 WriteProcessMemory 请求。 (0x12B)
[0514/120502.577:ERROR:process_memory_win.cc(73)] ReadMemory at 0x54223d8 of 72 bytes failed: 仅完成部分的 ReadProcessMemory 或 WriteProcessMemory 请求。 (0x12B)
[0514/120502.577:ERROR:process_memory_win.cc(73)] ReadMemory at 0x5422488 of 72 bytes failed: 仅完成部分的 ReadProcessMemory 或 WriteProcessMemory 请求。 (0x12B)
[0514/120502.577:ERROR:process_memory_win.cc(73)] ReadMemory at 0x5422538 of 72 bytes failed: 仅完成部分的 ReadProcessMemory 或 WriteProcessMemory 请求。 (0x12B)
[0514/120502.577:ERROR:process_memory_win.cc(73)] ReadMemory at 0x54225e8 of 72 bytes failed: 仅完成部分的 ReadProcessMemory 或 WriteProcessMemory 请求。 (0x12B)
[0514/120502.577:ERROR:process_memory_win.cc(73)] ReadMemory at 0x5422698 of 72 bytes failed: 仅完成部分的 ReadProcessMemory 或 WriteProcessMemory 请求。 (0x12B)
[0514/120502.577:ERROR:process_memory_win.cc(73)] ReadMemory at 0x5422748 of 72 bytes failed: 仅完成部分的 ReadProcessMemory 或 WriteProcessMemory 请求。 (0x12B)
[0514/120502.577:ERROR:process_memory_win.cc(73)] ReadMemory at 0x54227f8 of 72 bytes failed: 仅完成部分的 ReadProcessMemory 或 WriteProcessMemory 请求。 (0x12B)
[0514/120502.577:ERROR:process_memory_win.cc(73)] ReadMemory at 0x54228a8 of 72 bytes failed: 仅完成部分的 ReadProcessMemory 或 WriteProcessMemory 请求。 (0x12B)
[0514/120502.577:ERROR:process_memory_win.cc(73)] ReadMemory at 0x5422958 of 72 bytes failed: 仅完成部分的 ReadProcessMemory 或 WriteProcessMemory 请求。 (0x12B)
[0514/120502.577:ERROR:process_memory_win.cc(73)] ReadMemory at 0x5422a08 of 72 bytes failed: 仅完成部分的 ReadProcessMemory 或 WriteProcessMemory 请求。 (0x12B)
[0514/120502.577:ERROR:process_memory_win.cc(73)] ReadMemory at 0x5423468 of 60 bytes failed: 仅完成部分的 ReadProcessMemory 或 WriteProcessMemory 请求。 (0x12B)
[0514/120502.577:ERROR:process_memory_win.cc(73)] ReadMemory at 0x5423810 of 62 bytes failed: 仅完成部分的 ReadProcessMemory 或 WriteProcessMemory 请求。 (0x12B)
[0514/120502.577:ERROR:process_memory_win.cc(73)] ReadMemory at 0x5423978 of 62 bytes failed: 仅完成部分的 ReadProcessMemory 或 WriteProcessMemory 请求。 (0x12B)
[0514/120502.577:ERROR:process_memory_win.cc(73)] ReadMemory at 0x70ee0c30 of 512 bytes failed: 仅完成部分的 ReadProcessMemory 或 WriteProcessMemory 请求。 (0x12B)
[0514/120502.577:ERROR:process_memory_win.cc(73)] ReadMemory at 0x77a38b70 of 512 bytes failed: 仅完成部分的 ReadProcessMemory 或 WriteProcessMemory 请求。 (0x12B)
[0514/120502.577:ERROR:process_memory_win.cc(73)] ReadMemory at 0x77e28564 of 18 bytes failed: 仅完成部分的 ReadProcessMemory 或 WriteProcessMemory 请求。 (0x12B)
[0514/120502.578:ERROR:process_memory_win.cc(73)] ReadMemory at 0x77e8a92c of 512 bytes failed: 仅完成部分的 ReadProcessMemory 或 WriteProcessMemory 请求。 (0x12B)
[0514/120502.578:ERROR:process_memory_win.cc(73)] ReadMemory at 0x77e8ab9c of 512 bytes failed: 仅完成部分的 ReadProcessMemory 或 WriteProcessMemory 请求。 (0x12B)
[0514/120502.578:ERROR:process_memory_win.cc(73)] ReadMemory at 0x77f353b8 of 24 bytes failed: 仅完成部分的 ReadProcessMemory 或 WriteProcessMemory 请求。 (0x12B)
[0514/120502.578:ERROR:process_memory_win.cc(73)] ReadMemory at 0x77f3573c of 32 bytes failed: 仅完成部分的 ReadProcessMemory 或 WriteProcessMemory 请求。 (0x12B)
[0514/120502.578:ERROR:process_memory_win.cc(73)] ReadMemory at 0x77f37ba0 of 36 bytes failed: 仅完成部分的 ReadProcessMemory 或 WriteProcessMemory 请求。 (0x12B)
[0514/120502.580:ERROR:scoped_process_suspend.cc(40)] NtResumeProcess: 已尝试访问正在退出的过程。 (0xc000010a)
